<?xml version="1.0" encoding="UTF-8"?>
<testng-results ignored="0" total="1" passed="1" failed="0" skipped="0">
  <reporter-output>
  </reporter-output>
  <suite started-at="2023-07-02T17:13:11 IST" name="Default suite" finished-at="2023-07-02T17:14:21 IST" duration-ms="70222">
    <groups>
    </groups>
    <test started-at="2023-07-02T17:13:11 IST" name="Default test" finished-at="2023-07-02T17:14:21 IST" duration-ms="70222">
      <class name="com.gr.testlayer.TestCase1">
        <test-method is-config="true" signature="setup()[pri:0, instance:com.gr.testlayer.TestCase1@72f926e6]" started-at="2023-07-02T17:13:11 IST" name="setup" finished-at="2023-07-02T17:13:36 IST" duration-ms="24553" status="PASS">
          <reporter-output>
          </reporter-output>
        </test-method> <!-- setup -->
        <test-method signature="checkWantToReadFunctionality()[pri:0, instance:com.gr.testlayer.TestCase1@72f926e6]" started-at="2023-07-02T17:13:36 IST" name="checkWantToReadFunctionality" finished-at="2023-07-02T17:14:21 IST" duration-ms="45622" status="PASS">
          <reporter-output>
          </reporter-output>
        </test-method> <!-- checkWantToReadFunctionality -->
      </class> <!-- com.gr.testlayer.TestCase1 -->
    </test> <!-- Default test -->
  </suite> <!-- Default suite -->
</testng-results>
